********************************************************************************
*                     Friday, January 27, 2017 3:20:24 PM                      *
********************************************************************************
CSharpCompilerWrapper.exe version: 1.8.1.0
Platform: Windows
Target assembly: Assembly-CSharp-firstpass.dll
Project directory: C:\Users\Alina-LP\Documents\Universum
Unity 'Data' or 'Frameworks' directory: C:/Program Files/Unity/Editor/Data
Compiler: Microsoft C# 6.0

- Compilation -----------------------------------------------

Process: C:\Users\Alina-LP\Documents\Universum\CSharp60Support\Roslyn\csc.exe
Arguments: -nostdlib+ -noconfig -nologo -r:"C:/Program Files/Unity/Editor/Data\Mono/lib/mono/2.0/mscorlib.dll" -r:"C:/Program Files/Unity/Editor/Data\Mono/lib/mono/2.0/System.dll" -r:"C:/Program Files/Unity/Editor/Data\Mono/lib/mono/2.0/System.Core.dll" -r:"C:/Program Files/Unity/Editor/Data\Mono/lib/mono/2.0/System.Xml.dll" @Temp/UnityTempFile-5f0c31f8272b41b419a2808553acdf6f
Exit code: 0
Elapsed time: 5.17 sec

- Compiler output (0 lines):

- Compiler errors (20 lines):
0: Assets\Plugins\ManagedPackages\uFrame\ECS\Example\UnityAssets\Done\Done_Scripts\Done_GameController.cs(38,28): warning CS0618: 'Application.loadedLevel' is obsolete: 'Use SceneManager to determine what scenes have been loaded'
1: Assets\Plugins\ManagedPackages\uFrame\ECS\Example\UnityAssets\Done\Done_Scripts\Done_GameController.cs(38,5): warning CS0618: 'Application.LoadLevel(int)' is obsolete: 'Use SceneManager.LoadScene'
2: Assets\Plugins\ManagedPackages\uFrame\ECS\Runtime\Systems\EcsComponentService.cs(207,46): warning CS0168: The variable 'ex' is declared but never used
3: Assets\Plugins\ManagedPackages\uFrame\ECS\Example\Code\Groups\ShootingGunsGroup.cs(58,13): warning CS0162: Unreachable code detected
4: Assets\Plugins\ManagedPackages\uFrame\Core\Kernel\uFrameKernel.cs(195,17): warning CS0618: 'Application.LoadLevel(string)' is obsolete: 'Use SceneManager.LoadScene'
5: Assets\Plugins\ManagedPackages\uFrame\Core\Kernel\SceneManagementService.cs(91,22): warning CS0618: 'Application.loadedLevelName' is obsolete: 'Use SceneManager to determine what scenes have been loaded'
6: Assets\Plugins\ManagedPackages\uFrame\Core\Kernel\SceneManagementService.cs(135,34): warning CS0618: 'Application.loadedLevelName' is obsolete: 'Use SceneManager to determine what scenes have been loaded'
7: Assets\Plugins\ManagedPackages\uFrame\Core\Kernel\SceneManagementService.cs(238,18): warning CS0618: 'Application.loadedLevelName' is obsolete: 'Use SceneManager to determine what scenes have been loaded'
8: Assets\Plugins\ManagedPackages\uFrame\Core\Kernel\SceneManagementService.cs(253,17): warning CS0618: 'Application.loadedLevelName' is obsolete: 'Use SceneManager to determine what scenes have been loaded'
9: Assets\Plugins\ManagedPackages\uFrame\Core\Kernel\Scene.cs(58,24): warning CS0618: 'Application.loadedLevelName' is obsolete: 'Use SceneManager to determine what scenes have been loaded'
10: Assets\Plugins\ManagedPackages\nitreo\UniRx\UnityEngineBridge\MainThreadDispatcher.cs(312,29): warning CS0618: 'MonoBehaviour.StartCoroutine_Auto(IEnumerator)' is obsolete: 'StartCoroutine_Auto has been deprecated. Use StartCoroutine instead (UnityUpgradable) -> StartCoroutine([mscorlib] System.Collections.IEnumerator)'
11: Assets\Plugins\ManagedPackages\nitreo\UniRx\UnityEngineBridge\MainThreadDispatcher.cs(367,24): warning CS0618: 'MonoBehaviour.StartCoroutine_Auto(IEnumerator)' is obsolete: 'StartCoroutine_Auto has been deprecated. Use StartCoroutine instead (UnityUpgradable) -> StartCoroutine([mscorlib] System.Collections.IEnumerator)'
12: Assets\Plugins\ManagedPackages\nitreo\UniRx\UnityEngineBridge\MainThreadDispatcher.cs(481,17): warning CS0618: 'MonoBehaviour.StartCoroutine_Auto(IEnumerator)' is obsolete: 'StartCoroutine_Auto has been deprecated. Use StartCoroutine instead (UnityUpgradable) -> StartCoroutine([mscorlib] System.Collections.IEnumerator)'
13: Assets\Plugins\ManagedPackages\nitreo\UniRx\UnityEngineBridge\MainThreadDispatcher.cs(482,17): warning CS0618: 'MonoBehaviour.StartCoroutine_Auto(IEnumerator)' is obsolete: 'StartCoroutine_Auto has been deprecated. Use StartCoroutine instead (UnityUpgradable) -> StartCoroutine([mscorlib] System.Collections.IEnumerator)'
14: Assets\Plugins\ManagedPackages\nitreo\UniRx\UnityEngineBridge\MainThreadDispatcher.cs(483,17): warning CS0618: 'MonoBehaviour.StartCoroutine_Auto(IEnumerator)' is obsolete: 'StartCoroutine_Auto has been deprecated. Use StartCoroutine instead (UnityUpgradable) -> StartCoroutine([mscorlib] System.Collections.IEnumerator)'
15: Assets\Plugins\ManagedPackages\uFrame\ECS\Example\Code\Components\SpawnMultipleAtInterval.cs(34,30): warning CS0649: Field 'SpawnMultipleAtInterval._Items' is never assigned to, and will always have its default value null
16: Assets\Plugins\ManagedPackages\uFrame\Core\Kernel\Scene.cs(15,41): warning CS0649: Field 'Scene._KernelScene' is never assigned to, and will always have its default value null
17: Assets\Plugins\ManagedPackages\uFrame\ECS\Example\Code\Components\PlayGameButton.cs(28,30): warning CS0649: Field 'PlayGameButton._InstantiateItems' is never assigned to, and will always have its default value null
18: Assets\Plugins\ManagedPackages\uFrame\ECS\Example\Code\Components\Gunner.cs(28,23): warning CS0649: Field 'Gunner._Guns' is never assigned to, and will always have its default value null
19: Assets\Plugins\ManagedPackages\uFrame\ECS\Example\Code\Handlers\BeginIntervalSpawnHandler.cs(33,47): warning CS0414: The field 'BeginIntervalSpawn.ActionNode11_DisposeWith' is assigned but its value is never used

- PDB to MDB conversion --------------------------------------

Process: C:\Users\Alina-LP\Documents\Universum\CSharp60Support\Roslyn\pdb2mdb.exe
Arguments: Temp\Assembly-CSharp-firstpass.dll
Exit code: 0
Elapsed time: 0.35 sec

- pdb2mdb.exe output (0 lines):
********************************************************************************
*                     Friday, January 27, 2017 3:20:32 PM                      *
********************************************************************************
CSharpCompilerWrapper.exe version: 1.8.1.0
Platform: Windows
Target assembly: Assembly-CSharp.dll
Project directory: C:\Users\Alina-LP\Documents\Universum
Unity 'Data' or 'Frameworks' directory: C:/Program Files/Unity/Editor/Data
Compiler: Microsoft C# 6.0

- Compilation -----------------------------------------------

Process: C:\Users\Alina-LP\Documents\Universum\CSharp60Support\Roslyn\csc.exe
Arguments: -nostdlib+ -noconfig -nologo -r:"C:/Program Files/Unity/Editor/Data\Mono/lib/mono/2.0/mscorlib.dll" -r:"C:/Program Files/Unity/Editor/Data\Mono/lib/mono/2.0/System.dll" -r:"C:/Program Files/Unity/Editor/Data\Mono/lib/mono/2.0/System.Core.dll" -r:"C:/Program Files/Unity/Editor/Data\Mono/lib/mono/2.0/System.Xml.dll" @Temp/UnityTempFile-962b6765588b8744dabccc95c9341f3e
Exit code: 0
Elapsed time: 6.22 sec

- Compiler output (0 lines):

- Compiler errors (0 lines):

- PDB to MDB conversion --------------------------------------

Process: C:\Users\Alina-LP\Documents\Universum\CSharp60Support\Roslyn\pdb2mdb.exe
Arguments: Temp\Assembly-CSharp.dll
Exit code: 0
Elapsed time: 0.19 sec

- pdb2mdb.exe output (0 lines):
********************************************************************************
*                     Friday, January 27, 2017 3:20:32 PM                      *
********************************************************************************
CSharpCompilerWrapper.exe version: 1.8.1.0
Platform: Windows
Target assembly: Assembly-CSharp-Editor-firstpass.dll
Project directory: C:\Users\Alina-LP\Documents\Universum
Unity 'Data' or 'Frameworks' directory: C:/Program Files/Unity/Editor/Data
Compiler: Microsoft C# 6.0

- Compilation -----------------------------------------------

Process: C:\Users\Alina-LP\Documents\Universum\CSharp60Support\Roslyn\csc.exe
Arguments: -nostdlib+ -noconfig -nologo -r:"C:/Program Files/Unity/Editor/Data\Mono/lib/mono/2.0/mscorlib.dll" -r:"C:/Program Files/Unity/Editor/Data\Mono/lib/mono/2.0/System.dll" -r:"C:/Program Files/Unity/Editor/Data\Mono/lib/mono/2.0/System.Core.dll" -r:"C:/Program Files/Unity/Editor/Data\Mono/lib/mono/2.0/System.Xml.dll" @Temp/UnityTempFile-63174ea984102294abcb198682f548de
Exit code: 1
Elapsed time: 5.89 sec

- Compiler output (0 lines):

- Compiler errors (97 lines):
0: Assets\Plugins\ManagedPackages\uFrame\Core\Editor\Systems\Graphs\Data\FilterNode.cs(33,29): warning CS0114: 'FilterNode.Filter' hides inherited member 'GraphNode.Filter'. To make the current member override that implementation, add the override keyword. Otherwise add the new keyword.
1: Assets\Plugins\ManagedPackages\uFrame\ECS\Designer\Editor\Nodes.designer.cs(36,81): warning CS0108: 'CustomActionNodeBase.Outputs' hides inherited member 'GraphNode.Outputs'. Use the new keyword if hiding was intended.
2: Assets\Plugins\ManagedPackages\uFrame\ECS\Designer\Editor\Nodes.designer.cs(43,80): warning CS0108: 'CustomActionNodeBase.Inputs' hides inherited member 'GraphNode.Inputs'. Use the new keyword if hiding was intended.
3: Assets\Plugins\ManagedPackages\uFrame\ECS\Designer\Editor\Nodes\ActionNode.cs(480,21): warning CS0114: 'ActionNode.WriteActionOutputs(TemplateContext)' hides inherited member 'SequenceItemNode.WriteActionOutputs(TemplateContext)'. To make the current member override that implementation, add the override keyword. Otherwise add the new keyword.
4: Assets\Plugins\ManagedPackages\uFrame\Core\Editor\Systems\KoinoniaSystem\Data\UFramePackageDescriptor.cs(8,18): warning CS0659: 'UFramePackageDescriptor' overrides Object.Equals(object o) but does not override Object.GetHashCode()
5: Assets\Plugins\ManagedPackages\uFrame\Core\Editor\Systems\NavigationSystem\ScrollGraphCommand.cs(10,23): warning CS0108: 'ScrollGraphCommand.Title' hides inherited member 'Command.Title'. Use the new keyword if hiding was intended.
6: Assets\Plugins\ManagedPackages\uFrame\Core\Editor\Systems\QuickAccess\QuickAccessWindowPlugin.cs(65,32): warning CS0108: 'QuickAccessWindowPlugin.Container' hides inherited member 'CorePlugin.Container'. Use the new keyword if hiding was intended.
7: Assets\Plugins\ManagedPackages\uFrame\ECS\Designer\Editor\Nodes\CustomActionNode.cs(88,21): warning CS0114: 'CustomActionNode.IsAsync' hides inherited member 'SequenceItemNode.IsAsync'. To make the current member override that implementation, add the override keyword. Otherwise add the new keyword.
8: Assets\Plugins\ManagedPackages\uFrame\ECS\Designer\Editor\Nodes\HandlerNode.cs(44,21): warning CS0114: 'HandlerNode.IsAsync' hides inherited member 'SequenceItemNode.IsAsync'. To make the current member override that implementation, add the override keyword. Otherwise add the new keyword.
9: Assets\Plugins\ManagedPackages\uFrame\Core\Editor\Systems\GraphUI\ViewModels\DiagramViewModel.cs(882,21): warning CS0108: 'DiagramViewModel.PropertyChanged(IDataRecord, string, object, object)' hides inherited member 'ViewModel.PropertyChanged'. Use the new keyword if hiding was intended.
10: Assets\Plugins\ManagedPackages\uFrame\Core\Editor\Systems\GraphUI\ViewModels\GraphItemViewModel.cs(116,29): warning CS0108: 'GraphItemViewModel.PropertyChanged(IDataRecord, string, object, object)' hides inherited member 'ViewModel.PropertyChanged'. Use the new keyword if hiding was intended.
11: Assets\Plugins\ManagedPackages\uFrame\ECS\Designer\Editor\Templates\GroupItemTemplate.cs(13,20): warning CS0114: 'GroupItemTemplate.ComponentId' hides inherited member 'GroupItem.ComponentId'. To make the current member override that implementation, add the override keyword. Otherwise add the new keyword.
12: Assets\Plugins\ManagedPackages\uFrame\ECS\Designer\Editor\DebugSystem\uFrameBreakpointsWindow.cs(149,13): warning CS0618: 'EditorWindow.title' is obsolete: 'Use titleContent instead (it supports setting a title icon as well).'
13: Assets\Plugins\ManagedPackages\uFrame\ECS\Designer\Editor\DebugSystem\uFrameBreakpointsWindow.cs(52,21): warning CS0618: 'EditorWindow.title' is obsolete: 'Use titleContent instead (it supports setting a title icon as well).'
14: Assets\Plugins\ManagedPackages\uFrame\Core\Editor\Systems\WindowsPlugin\uFrameSettingsWindow.cs(20,13): warning CS0618: 'EditorWindow.title' is obsolete: 'Use titleContent instead (it supports setting a title icon as well).'
15: Assets\Plugins\ManagedPackages\uFrame\Core\Editor\Systems\Compiling\CodeGen\CodeTemplates\impl\TemplateClassGenerator.cs(220,13): warning CS0162: Unreachable code detected
16: Assets\Plugins\ManagedPackages\uFrame\ECS\Designer\Editor\Plugins\uFrameECS.cs(982,29): warning CS0162: Unreachable code detected
17: Assets\Plugins\ManagedPackages\uFrame\Core\Editor\Systems\WindowsPlugin\uFrameHelp.cs(48,13): warning CS0162: Unreachable code detected
18: Assets\Plugins\ManagedPackages\uFrame\Core\Editor\Systems\Compiling\CodeGen\CodeTemplates\impl\GenerateMethod.cs(61,17): warning CS0219: The variable 'isOverried' is assigned but its value is never used
19: Assets\Plugins\ManagedPackages\uFrame\Core\Editor\Systems\WindowsPlugin\uFrameHelp.cs(125,13): warning CS0618: 'EditorWindow.title' is obsolete: 'Use titleContent instead (it supports setting a title icon as well).'
20: Assets\Plugins\ManagedPackages\uFrame\Core\Editor\Systems\WindowsPlugin\uFrameHelp.cs(148,13): warning CS0618: 'EditorWindow.title' is obsolete: 'Use titleContent instead (it supports setting a title icon as well).'
21: Assets\Plugins\ManagedPackages\uFrame\ECS\Designer\Editor\Plugins\ActionNodeSystem.cs(182,13): warning CS0162: Unreachable code detected
22: Assets\Plugins\ManagedPackages\uFrame\Core\Editor\Systems\WindowsPlugin\uFrameHelp.cs(317,21): warning CS0162: Unreachable code detected
23: Assets\Plugins\ManagedPackages\uFrame\Core\Editor\Systems\Compiling\CodeGen\CodeTemplates\impl\GenerateMember.cs(40,42): warning CS0168: The variable 'ex' is declared but never used
24: Assets\Plugins\ManagedPackages\uFrame\Core\Editor\Systems\WindowsPlugin\uFrameHelp.cs(953,13): warning CS0162: Unreachable code detected
25: Assets\Plugins\ManagedPackages\uFrame\Core\Editor\Systems\WindowsPlugin\WindowsPlugin.cs(51,13): warning CS0618: 'EditorWindow.title' is obsolete: 'Use titleContent instead (it supports setting a title icon as well).'
26: Assets\Plugins\ManagedPackages\uFrame\Core\Editor\Systems\WindowsPlugin\WindowsPlugin.cs(62,13): warning CS0618: 'EditorWindow.title' is obsolete: 'Use titleContent instead (it supports setting a title icon as well).'
27: Assets\Plugins\ManagedPackages\uFrame\Core\Editor\Systems\WindowsPlugin\WindowsPlugin.cs(103,13): warning CS0618: 'EditorWindow.title' is obsolete: 'Use titleContent instead (it supports setting a title icon as well).'
28: Assets\Plugins\ManagedPackages\uFrame\Core\Editor\Systems\WindowsPlugin\SelectedCodePreview.cs(26,13): warning CS0618: 'EditorWindow.title' is obsolete: 'Use titleContent instead (it supports setting a title icon as well).'
29: Assets\Plugins\ManagedPackages\uFrame\Core\Editor\Systems\WindowsPlugin\MarketWindow.cs(23,13): warning CS0618: 'EditorWindow.title' is obsolete: 'Use titleContent instead (it supports setting a title icon as well).'
30: Assets\Plugins\ManagedPackages\uFrame\Core\Editor\Systems\WindowsPlugin\MarketPlace.cs(275,30): warning CS0168: The variable 'ex' is declared but never used
31: Assets\Plugins\ManagedPackages\uFrame\ECS\Designer\Editor\Nodes\SetVariableNode.cs(100,17): warning CS0162: Unreachable code detected
32: Assets\Plugins\ManagedPackages\uFrame\Core\Editor\Systems\WindowsPlugin\ItemSelectionWindow.cs(16,13): warning CS0618: 'EditorWindow.title' is obsolete: 'Use titleContent instead (it supports setting a title icon as well).'
33: Assets\Plugins\ManagedPackages\uFrame\ECS\Designer\Editor\Nodes\SequenceVisitor.cs(175,17): warning CS0219: The variable 'hasInferredOutput' is assigned but its value is never used
34: Assets\Plugins\ManagedPackages\uFrame\Core\Editor\Systems\WindowsPlugin\ItemSelectionWindow.cs(106,17): warning CS0219: The variable 'isFirst' is assigned but its value is never used
35: Assets\Plugins\ManagedPackages\uFrame\Core\Editor\Systems\WindowsPlugin\ImportTypeListWindow.cs(18,13): warning CS0618: 'EditorWindow.title' is obsolete: 'Use titleContent instead (it supports setting a title icon as well).'
36: Assets\Plugins\ManagedPackages\uFrame\Core\Editor\Systems\WindowsPlugin\ElementItemTypesWindow.cs(21,13): warning CS0618: 'EditorWindow.title' is obsolete: 'Use titleContent instead (it supports setting a title icon as well).'
37: Assets\Plugins\ManagedPackages\uFrame\Core\Editor\Systems\Core\InvertApplication.cs(175,34): warning CS0168: The variable 'ex' is declared but never used
38: Assets\Plugins\ManagedPackages\uFrame\Core\Editor\Systems\Core\InvertApplication.cs(199,34): warning CS0168: The variable 'ex' is declared but never used
39: Assets\Plugins\ManagedPackages\uFrame\Core\Editor\Systems\Core\InvertApplication.cs(224,34): warning CS0168: The variable 'ex' is declared but never used
40: Assets\Plugins\ManagedPackages\uFrame\ECS\Designer\Editor\Nodes\PropertyChangedNode.cs(106,17): warning CS0162: Unreachable code detected
41: Assets\Plugins\ManagedPackages\uFrame\Core\Editor\Systems\WindowsPlugin\ElementDiagramSettingsWindow.cs(32,13): warning CS0618: 'EditorWindow.title' is obsolete: 'Use titleContent instead (it supports setting a title icon as well).'
42: Assets\Plugins\ManagedPackages\uFrame\Core\Editor\Systems\WindowsPlugin\ElementDiagramSettingsWindow.cs(128,29): warning CS0168: The variable 'ex' is declared but never used
43: Assets\Plugins\ManagedPackages\uFrame\Core\Editor\Systems\WindowsPlugin\DocumentationWindow.cs(31,13): warning CS0618: 'EditorWindow.title' is obsolete: 'Use titleContent instead (it supports setting a title icon as well).'
44: Assets\Plugins\ManagedPackages\uFrame\Core\Editor\Systems\WindowsPlugin\DocumentationWindow.cs(41,13): warning CS0618: 'EditorWindow.title' is obsolete: 'Use titleContent instead (it supports setting a title icon as well).'
45: Assets\Plugins\ManagedPackages\uFrame\ECS\Designer\Editor\Nodes\LoopCollectionNode.cs(528,25): warning CS0219: The variable 'x' is assigned but its value is never used
46: Assets\Plugins\ManagedPackages\uFrame\Core\Editor\Systems\Unity\UnityStyleProvider.cs(204,21): warning CS0162: Unreachable code detected
47: Assets\Plugins\ManagedPackages\uFrame\Core\Editor\Systems\Unity\UnityStyleProvider.cs(207,21): warning CS0162: Unreachable code detected
48: Assets\Plugins\ManagedPackages\uFrame\Core\Editor\Systems\Unity\UnityStyleProvider.cs(210,21): warning CS0162: Unreachable code detected
49: Assets\Plugins\ManagedPackages\uFrame\Core\Editor\Systems\Unity\UnityStyleProvider.cs(222,21): warning CS0162: Unreachable code detected
50: Assets\Plugins\ManagedPackages\uFrame\Core\Editor\Systems\Unity\UnityStyleProvider.cs(225,21): warning CS0162: Unreachable code detected
51: Assets\Plugins\ManagedPackages\uFrame\Core\Editor\Systems\Unity\UnityStyleProvider.cs(237,21): warning CS0162: Unreachable code detected
52: Assets\Plugins\ManagedPackages\uFrame\ECS\Designer\Editor\Nodes\HandlerNode.cs(90,17): warning CS0162: Unreachable code detected
53: Assets\Plugins\ManagedPackages\uFrame\Core\Editor\Systems\Unity\UnityPlatform.cs(84,30): warning CS0168: The variable 'ex' is declared but never used
54: Assets\Plugins\ManagedPackages\uFrame\Core\Editor\Systems\DatabaseService.cs(514,38): warning CS0168: The variable 'ex' is declared but never used
55: Assets\Plugins\ManagedPackages\uFrame\Core\Editor\Systems\Unity\UnityDrawer.cs(431,17): warning CS0219: The variable 'labelWidth' is assigned but its value is never used
56: Assets\Plugins\ManagedPackages\uFrame\Core\Editor\Systems\GraphSystem.cs(40,17): warning CS0184: The given expression is never of the provided ('CreateGraphMenuCommand') type
57: Assets\Plugins\ManagedPackages\uFrame\ECS\Designer\Editor\Nodes\CollectionItemRemovedNode.cs(39,17): warning CS0162: Unreachable code detected
58: Assets\Plugins\ManagedPackages\uFrame\ECS\Designer\Editor\Nodes\CollectionItemRemovedNode.cs(49,17): warning CS0162: Unreachable code detected
59: Assets\Plugins\ManagedPackages\uFrame\ECS\Designer\Editor\Nodes\ActionNode.cs(1214,13): warning CS0162: Unreachable code detected
60: Assets\Plugins\ManagedPackages\uFrame\Core\Editor\Systems\Graphs\Data\SelectionFor.cs(38,17): warning CS0162: Unreachable code detected
61: Assets\Plugins\ManagedPackages\uFrame\Core\Editor\Systems\Graphs\Data\InvertGraph.cs(508,35): warning CS0612: 'InvertGraph.Nodes' is obsolete
62: Assets\Plugins\ManagedPackages\uFrame\Core\Editor\Systems\Graphs\Data\InvertGraph.cs(513,21): warning CS0612: 'InvertGraph.Nodes' is obsolete
63: Assets\Plugins\ManagedPackages\uFrame\Core\Editor\Systems\Graphs\Data\InvertGraph.cs(551,13): warning CS0162: Unreachable code detected
64: Assets\Plugins\ManagedPackages\uFrame\Core\Editor\Systems\GraphUI\ViewModels\DiagramViewModel.cs(500,30): warning CS0168: The variable 'ex' is declared but never used
65: Assets\Plugins\ManagedPackages\uFrame\Core\Editor\Systems\InspectorWindow\uFrameNavigationHistoryWindow.cs(15,13): warning CS0618: 'EditorWindow.title' is obsolete: 'Use titleContent instead (it supports setting a title icon as well).'
66: Assets\Plugins\ManagedPackages\uFrame\Core\Editor\Systems\Unity\GraphTreeWindow.cs(19,13): warning CS0618: 'EditorWindow.title' is obsolete: 'Use titleContent instead (it supports setting a title icon as well).'
67: Assets\Plugins\ManagedPackages\uFrame\Core\Editor\Systems\InspectorWindow\uFrameIssuesWindow.cs(15,13): warning CS0618: 'EditorWindow.title' is obsolete: 'Use titleContent instead (it supports setting a title icon as well).'
68: Assets\Plugins\ManagedPackages\uFrame\Core\Editor\Systems\InspectorWindow\uFrameInspectorWindow.cs(15,13): warning CS0618: 'EditorWindow.title' is obsolete: 'Use titleContent instead (it supports setting a title icon as well).'
69: Assets\Plugins\ManagedPackages\uFrame\Core\Editor\Systems\InspectorWindow\InspectorPlugin.cs(81,30): warning CS0168: The variable 'inspBounds' is declared but never used
70: Assets\Plugins\ManagedPackages\uFrame\Core\Editor\Systems\Unity\ElementsDesigner.cs(17,13): warning CS0618: 'EditorWindow.title' is obsolete: 'Use titleContent instead (it supports setting a title icon as well).'
71: Assets\Plugins\ManagedPackages\uFrame\Core\Editor\Systems\InspectorWindow\InspectorPlugin.cs(325,21): warning CS0618: 'EditorWindow.title' is obsolete: 'Use titleContent instead (it supports setting a title icon as well).'
72: Assets\Plugins\ManagedPackages\uFrame\Core\Editor\Systems\InspectorWindow\InspectorPlugin.cs(341,21): warning CS0618: 'EditorWindow.title' is obsolete: 'Use titleContent instead (it supports setting a title icon as well).'
73: Assets\Plugins\ManagedPackages\uFrame\Core\Editor\Systems\GraphUI\Scaffolding\ScaffoldGraph.cs(13,13): warning CS0612: 'InvertGraph.AddNode(IDiagramNode)' is obsolete
74: Assets\Plugins\ManagedPackages\uFrame\Core\Editor\Systems\KoinoniaSystem\PackageManagerUISystem.cs(109,13): warning CS0162: Unreachable code detected
75: Assets\Plugins\ManagedPackages\uFrame\Core\Editor\Systems\NavigationSystem\NavigationSystem.cs(180,13): error CS0103: The name 'Profiler' does not exist in the current context
76: Assets\Plugins\ManagedPackages\uFrame\Core\Editor\Systems\NavigationSystem\NavigationSystem.cs(199,13): error CS0103: The name 'Profiler' does not exist in the current context
77: Assets\Plugins\ManagedPackages\uFrame\Core\Editor\Systems\NavigationSystem\NavigationSystem.cs(205,13): error CS0103: The name 'Profiler' does not exist in the current context
78: Assets\Plugins\ManagedPackages\uFrame\Core\Editor\Systems\NavigationSystem\NavigationSystem.cs(225,13): error CS0103: The name 'Profiler' does not exist in the current context
79: Assets\Plugins\ManagedPackages\uFrame\Core\Editor\Systems\NavigationSystem\NavigationSystem.cs(234,13): error CS0103: The name 'Profiler' does not exist in the current context
80: Assets\Plugins\ManagedPackages\uFrame\Core\Editor\Systems\NavigationSystem\NavigationSystem.cs(271,13): error CS0103: The name 'Profiler' does not exist in the current context
81: Assets\Plugins\ManagedPackages\uFrame\Core\Editor\Systems\Unity\Compatability\Data\UnityGraphData.cs(170,17): warning CS0162: Unreachable code detected
82: Assets\Plugins\ManagedPackages\uFrame\Core\Editor\Systems\UndoSystem.cs(54,30): warning CS0168: The variable 'ex' is declared but never used
83: Assets\Plugins\ManagedPackages\uFrame\Core\Editor\Systems\UndoSystem.cs(144,30): warning CS0168: The variable 'ex' is declared but never used
84: Assets\Plugins\ManagedPackages\uFrame\Core\Editor\Systems\Platform\api\CachedStyles.cs(492,21): warning CS0162: Unreachable code detected
85: Assets\Plugins\ManagedPackages\uFrame\Core\Editor\Systems\QuickAccess\QuickAccessWindowSearchPanel.cs(133,17): warning CS0219: The variable 'itemHeight' is assigned but its value is never used
86: Assets\Plugins\ManagedPackages\uFrame\Core\Editor\Systems\Schemas\UnityConnectorStyleSchema.cs(35,13): warning CS0162: Unreachable code detected
87: Assets\Plugins\ManagedPackages\uFrame\Core\Editor\Systems\GraphUI\Drawers\impl\GenericNodeDrawer.cs(48,18): warning CS0219: The variable 'hasErrors' is assigned but its value is never used
88: Assets\Plugins\ManagedPackages\uFrame\Core\Editor\Systems\GraphUI\Drawers\impl\DiagramDrawer.cs(477,21): warning CS0162: Unreachable code detected
89: Assets\Plugins\ManagedPackages\uFrame\Core\Editor\Systems\WindowsPlugin\SmartWindow.cs(71,37): warning CS0067: The event 'SmartWindow.Bound' is never used
90: Assets\Plugins\ManagedPackages\uFrame\Core\Editor\Systems\WindowsPlugin\uFrameHelp.cs(1380,24): warning CS0649: Field 'uFrameHelp.disposer' is never assigned to, and will always have its default value null
91: Assets\Plugins\ManagedPackages\uFrame\Core\Editor\Systems\WindowsPlugin\uFrameHelp.cs(1382,24): warning CS0649: Field 'uFrameHelp.disposer2' is never assigned to, and will always have its default value null
92: Assets\Plugins\ManagedPackages\uFrame\Core\Editor\Systems\Database\Data\FastJsonFileRecordManager.cs(18,22): warning CS0414: The field 'FastJsonFileRecordManager._isCommiting' is assigned but its value is never used
93: Assets\Plugins\ManagedPackages\uFrame\Core\Editor\Systems\GraphUI\Obsolete\ElementDiagramSettings.cs(113,22): warning CS0414: The field 'ElementDiagramSettings._generateDefaultBindings' is assigned but its value is never used
94: Assets\Plugins\ManagedPackages\uFrame\Core\Editor\Systems\Database\Data\JsonFileRecordManager.cs(18,22): warning CS0414: The field 'JsonFileRecordManager._isCommiting' is assigned but its value is never used
95: Assets\Plugins\ManagedPackages\uFrame\Core\Editor\Systems\Unity\TaskSystem.cs(9,21): warning CS0414: The field 'TaskSystem.fpsCount' is assigned but its value is never used
96: Assets\Plugins\ManagedPackages\uFrame\Core\Editor\Systems\GraphUI\Obsolete\ElementDiagramSettings.cs(109,35): warning CS0414: The field 'ElementDiagramSettings._codePathStrategy' is assigned but its value is never used
********************************************************************************
*                     Friday, January 27, 2017 3:20:45 PM                      *
********************************************************************************
CSharpCompilerWrapper.exe version: 1.8.1.0
Platform: Windows
Target assembly: Assembly-CSharp-firstpass.dll
Project directory: C:\Users\Alina-LP\Documents\Universum
Unity 'Data' or 'Frameworks' directory: C:/Program Files/Unity/Editor/Data
Compiler: Microsoft C# 6.0

- Compilation -----------------------------------------------

Process: C:\Users\Alina-LP\Documents\Universum\CSharp60Support\Roslyn\csc.exe
Arguments: -nostdlib+ -noconfig -nologo -r:"C:/Program Files/Unity/Editor/Data\Mono/lib/mono/2.0/mscorlib.dll" -r:"C:/Program Files/Unity/Editor/Data\Mono/lib/mono/2.0/System.dll" -r:"C:/Program Files/Unity/Editor/Data\Mono/lib/mono/2.0/System.Core.dll" -r:"C:/Program Files/Unity/Editor/Data\Mono/lib/mono/2.0/System.Xml.dll" @Temp/UnityTempFile-eb62538d916748c43aabe79960046433
Exit code: 0
Elapsed time: 5.08 sec

- Compiler output (0 lines):

- Compiler errors (20 lines):
0: Assets\Plugins\ManagedPackages\uFrame\ECS\Example\UnityAssets\Done\Done_Scripts\Done_GameController.cs(38,28): warning CS0618: 'Application.loadedLevel' is obsolete: 'Use SceneManager to determine what scenes have been loaded'
1: Assets\Plugins\ManagedPackages\uFrame\ECS\Example\UnityAssets\Done\Done_Scripts\Done_GameController.cs(38,5): warning CS0618: 'Application.LoadLevel(int)' is obsolete: 'Use SceneManager.LoadScene'
2: Assets\Plugins\ManagedPackages\uFrame\ECS\Runtime\Systems\EcsComponentService.cs(207,46): warning CS0168: The variable 'ex' is declared but never used
3: Assets\Plugins\ManagedPackages\uFrame\ECS\Example\Code\Groups\ShootingGunsGroup.cs(58,13): warning CS0162: Unreachable code detected
4: Assets\Plugins\ManagedPackages\uFrame\Core\Kernel\uFrameKernel.cs(195,17): warning CS0618: 'Application.LoadLevel(string)' is obsolete: 'Use SceneManager.LoadScene'
5: Assets\Plugins\ManagedPackages\uFrame\Core\Kernel\SceneManagementService.cs(91,22): warning CS0618: 'Application.loadedLevelName' is obsolete: 'Use SceneManager to determine what scenes have been loaded'
6: Assets\Plugins\ManagedPackages\uFrame\Core\Kernel\SceneManagementService.cs(135,34): warning CS0618: 'Application.loadedLevelName' is obsolete: 'Use SceneManager to determine what scenes have been loaded'
7: Assets\Plugins\ManagedPackages\uFrame\Core\Kernel\Scene.cs(58,24): warning CS0618: 'Application.loadedLevelName' is obsolete: 'Use SceneManager to determine what scenes have been loaded'
8: Assets\Plugins\ManagedPackages\uFrame\Core\Kernel\SceneManagementService.cs(238,18): warning CS0618: 'Application.loadedLevelName' is obsolete: 'Use SceneManager to determine what scenes have been loaded'
9: Assets\Plugins\ManagedPackages\uFrame\Core\Kernel\SceneManagementService.cs(253,17): warning CS0618: 'Application.loadedLevelName' is obsolete: 'Use SceneManager to determine what scenes have been loaded'
10: Assets\Plugins\ManagedPackages\nitreo\UniRx\UnityEngineBridge\MainThreadDispatcher.cs(312,29): warning CS0618: 'MonoBehaviour.StartCoroutine_Auto(IEnumerator)' is obsolete: 'StartCoroutine_Auto has been deprecated. Use StartCoroutine instead (UnityUpgradable) -> StartCoroutine([mscorlib] System.Collections.IEnumerator)'
11: Assets\Plugins\ManagedPackages\nitreo\UniRx\UnityEngineBridge\MainThreadDispatcher.cs(367,24): warning CS0618: 'MonoBehaviour.StartCoroutine_Auto(IEnumerator)' is obsolete: 'StartCoroutine_Auto has been deprecated. Use StartCoroutine instead (UnityUpgradable) -> StartCoroutine([mscorlib] System.Collections.IEnumerator)'
12: Assets\Plugins\ManagedPackages\nitreo\UniRx\UnityEngineBridge\MainThreadDispatcher.cs(481,17): warning CS0618: 'MonoBehaviour.StartCoroutine_Auto(IEnumerator)' is obsolete: 'StartCoroutine_Auto has been deprecated. Use StartCoroutine instead (UnityUpgradable) -> StartCoroutine([mscorlib] System.Collections.IEnumerator)'
13: Assets\Plugins\ManagedPackages\nitreo\UniRx\UnityEngineBridge\MainThreadDispatcher.cs(482,17): warning CS0618: 'MonoBehaviour.StartCoroutine_Auto(IEnumerator)' is obsolete: 'StartCoroutine_Auto has been deprecated. Use StartCoroutine instead (UnityUpgradable) -> StartCoroutine([mscorlib] System.Collections.IEnumerator)'
14: Assets\Plugins\ManagedPackages\nitreo\UniRx\UnityEngineBridge\MainThreadDispatcher.cs(483,17): warning CS0618: 'MonoBehaviour.StartCoroutine_Auto(IEnumerator)' is obsolete: 'StartCoroutine_Auto has been deprecated. Use StartCoroutine instead (UnityUpgradable) -> StartCoroutine([mscorlib] System.Collections.IEnumerator)'
15: Assets\Plugins\ManagedPackages\uFrame\ECS\Example\Code\Components\SpawnMultipleAtInterval.cs(34,30): warning CS0649: Field 'SpawnMultipleAtInterval._Items' is never assigned to, and will always have its default value null
16: Assets\Plugins\ManagedPackages\uFrame\ECS\Example\Code\Components\PlayGameButton.cs(28,30): warning CS0649: Field 'PlayGameButton._InstantiateItems' is never assigned to, and will always have its default value null
17: Assets\Plugins\ManagedPackages\uFrame\Core\Kernel\Scene.cs(15,41): warning CS0649: Field 'Scene._KernelScene' is never assigned to, and will always have its default value null
18: Assets\Plugins\ManagedPackages\uFrame\ECS\Example\Code\Components\Gunner.cs(28,23): warning CS0649: Field 'Gunner._Guns' is never assigned to, and will always have its default value null
19: Assets\Plugins\ManagedPackages\uFrame\ECS\Example\Code\Handlers\BeginIntervalSpawnHandler.cs(33,47): warning CS0414: The field 'BeginIntervalSpawn.ActionNode11_DisposeWith' is assigned but its value is never used

- PDB to MDB conversion --------------------------------------

Process: C:\Users\Alina-LP\Documents\Universum\CSharp60Support\Roslyn\pdb2mdb.exe
Arguments: Temp\Assembly-CSharp-firstpass.dll
Exit code: 0
Elapsed time: 0.32 sec

- pdb2mdb.exe output (0 lines):
********************************************************************************
*                     Friday, January 27, 2017 3:20:52 PM                      *
********************************************************************************
CSharpCompilerWrapper.exe version: 1.8.1.0
Platform: Windows
Target assembly: Assembly-CSharp.dll
Project directory: C:\Users\Alina-LP\Documents\Universum
Unity 'Data' or 'Frameworks' directory: C:/Program Files/Unity/Editor/Data
Compiler: Microsoft C# 6.0

- Compilation -----------------------------------------------

Process: C:\Users\Alina-LP\Documents\Universum\CSharp60Support\Roslyn\csc.exe
Arguments: -nostdlib+ -noconfig -nologo -r:"C:/Program Files/Unity/Editor/Data\Mono/lib/mono/2.0/mscorlib.dll" -r:"C:/Program Files/Unity/Editor/Data\Mono/lib/mono/2.0/System.dll" -r:"C:/Program Files/Unity/Editor/Data\Mono/lib/mono/2.0/System.Core.dll" -r:"C:/Program Files/Unity/Editor/Data\Mono/lib/mono/2.0/System.Xml.dll" @Temp/UnityTempFile-134de2d59e28db54f90e5ac2f60859c6
Exit code: 0
Elapsed time: 6.31 sec

- Compiler output (0 lines):

- Compiler errors (0 lines):

- PDB to MDB conversion --------------------------------------

Process: C:\Users\Alina-LP\Documents\Universum\CSharp60Support\Roslyn\pdb2mdb.exe
Arguments: Temp\Assembly-CSharp.dll
Exit code: 0
Elapsed time: 0.21 sec

- pdb2mdb.exe output (0 lines):
********************************************************************************
*                     Friday, January 27, 2017 3:20:52 PM                      *
********************************************************************************
CSharpCompilerWrapper.exe version: 1.8.1.0
Platform: Windows
Target assembly: Assembly-CSharp-Editor-firstpass.dll
Project directory: C:\Users\Alina-LP\Documents\Universum
Unity 'Data' or 'Frameworks' directory: C:/Program Files/Unity/Editor/Data
Compiler: Microsoft C# 6.0

- Compilation -----------------------------------------------

Process: C:\Users\Alina-LP\Documents\Universum\CSharp60Support\Roslyn\csc.exe
Arguments: -nostdlib+ -noconfig -nologo -r:"C:/Program Files/Unity/Editor/Data\Mono/lib/mono/2.0/mscorlib.dll" -r:"C:/Program Files/Unity/Editor/Data\Mono/lib/mono/2.0/System.dll" -r:"C:/Program Files/Unity/Editor/Data\Mono/lib/mono/2.0/System.Core.dll" -r:"C:/Program Files/Unity/Editor/Data\Mono/lib/mono/2.0/System.Xml.dll" @Temp/UnityTempFile-4f1b13b06fc21524186b679926d773c9
Exit code: 1
Elapsed time: 5.98 sec

- Compiler output (0 lines):

- Compiler errors (97 lines):
0: Assets\Plugins\ManagedPackages\uFrame\Core\Editor\Systems\Graphs\Data\FilterNode.cs(33,29): warning CS0114: 'FilterNode.Filter' hides inherited member 'GraphNode.Filter'. To make the current member override that implementation, add the override keyword. Otherwise add the new keyword.
1: Assets\Plugins\ManagedPackages\uFrame\ECS\Designer\Editor\Nodes.designer.cs(36,81): warning CS0108: 'CustomActionNodeBase.Outputs' hides inherited member 'GraphNode.Outputs'. Use the new keyword if hiding was intended.
2: Assets\Plugins\ManagedPackages\uFrame\ECS\Designer\Editor\Nodes.designer.cs(43,80): warning CS0108: 'CustomActionNodeBase.Inputs' hides inherited member 'GraphNode.Inputs'. Use the new keyword if hiding was intended.
3: Assets\Plugins\ManagedPackages\uFrame\ECS\Designer\Editor\Nodes\ActionNode.cs(480,21): warning CS0114: 'ActionNode.WriteActionOutputs(TemplateContext)' hides inherited member 'SequenceItemNode.WriteActionOutputs(TemplateContext)'. To make the current member override that implementation, add the override keyword. Otherwise add the new keyword.
4: Assets\Plugins\ManagedPackages\uFrame\Core\Editor\Systems\KoinoniaSystem\Data\UFramePackageDescriptor.cs(8,18): warning CS0659: 'UFramePackageDescriptor' overrides Object.Equals(object o) but does not override Object.GetHashCode()
5: Assets\Plugins\ManagedPackages\uFrame\Core\Editor\Systems\NavigationSystem\ScrollGraphCommand.cs(10,23): warning CS0108: 'ScrollGraphCommand.Title' hides inherited member 'Command.Title'. Use the new keyword if hiding was intended.
6: Assets\Plugins\ManagedPackages\uFrame\Core\Editor\Systems\QuickAccess\QuickAccessWindowPlugin.cs(65,32): warning CS0108: 'QuickAccessWindowPlugin.Container' hides inherited member 'CorePlugin.Container'. Use the new keyword if hiding was intended.
7: Assets\Plugins\ManagedPackages\uFrame\Core\Editor\Systems\GraphUI\ViewModels\DiagramViewModel.cs(882,21): warning CS0108: 'DiagramViewModel.PropertyChanged(IDataRecord, string, object, object)' hides inherited member 'ViewModel.PropertyChanged'. Use the new keyword if hiding was intended.
8: Assets\Plugins\ManagedPackages\uFrame\Core\Editor\Systems\GraphUI\ViewModels\GraphItemViewModel.cs(116,29): warning CS0108: 'GraphItemViewModel.PropertyChanged(IDataRecord, string, object, object)' hides inherited member 'ViewModel.PropertyChanged'. Use the new keyword if hiding was intended.
9: Assets\Plugins\ManagedPackages\uFrame\ECS\Designer\Editor\Nodes\CustomActionNode.cs(88,21): warning CS0114: 'CustomActionNode.IsAsync' hides inherited member 'SequenceItemNode.IsAsync'. To make the current member override that implementation, add the override keyword. Otherwise add the new keyword.
10: Assets\Plugins\ManagedPackages\uFrame\ECS\Designer\Editor\Nodes\HandlerNode.cs(44,21): warning CS0114: 'HandlerNode.IsAsync' hides inherited member 'SequenceItemNode.IsAsync'. To make the current member override that implementation, add the override keyword. Otherwise add the new keyword.
11: Assets\Plugins\ManagedPackages\uFrame\ECS\Designer\Editor\Templates\GroupItemTemplate.cs(13,20): warning CS0114: 'GroupItemTemplate.ComponentId' hides inherited member 'GroupItem.ComponentId'. To make the current member override that implementation, add the override keyword. Otherwise add the new keyword.
12: Assets\Plugins\ManagedPackages\uFrame\ECS\Designer\Editor\DebugSystem\uFrameBreakpointsWindow.cs(149,13): warning CS0618: 'EditorWindow.title' is obsolete: 'Use titleContent instead (it supports setting a title icon as well).'
13: Assets\Plugins\ManagedPackages\uFrame\ECS\Designer\Editor\DebugSystem\uFrameBreakpointsWindow.cs(52,21): warning CS0618: 'EditorWindow.title' is obsolete: 'Use titleContent instead (it supports setting a title icon as well).'
14: Assets\Plugins\ManagedPackages\uFrame\Core\Editor\Systems\Compiling\CodeGen\CodeTemplates\impl\TemplateClassGenerator.cs(220,13): warning CS0162: Unreachable code detected
15: Assets\Plugins\ManagedPackages\uFrame\Core\Editor\Systems\Compiling\CodeGen\CodeTemplates\impl\GenerateMethod.cs(61,17): warning CS0219: The variable 'isOverried' is assigned but its value is never used
16: Assets\Plugins\ManagedPackages\uFrame\Core\Editor\Systems\WindowsPlugin\uFrameSettingsWindow.cs(20,13): warning CS0618: 'EditorWindow.title' is obsolete: 'Use titleContent instead (it supports setting a title icon as well).'
17: Assets\Plugins\ManagedPackages\uFrame\Core\Editor\Systems\Compiling\CodeGen\CodeTemplates\impl\GenerateMember.cs(40,42): warning CS0168: The variable 'ex' is declared but never used
18: Assets\Plugins\ManagedPackages\uFrame\Core\Editor\Systems\WindowsPlugin\uFrameHelp.cs(48,13): warning CS0162: Unreachable code detected
19: Assets\Plugins\ManagedPackages\uFrame\Core\Editor\Systems\WindowsPlugin\uFrameHelp.cs(125,13): warning CS0618: 'EditorWindow.title' is obsolete: 'Use titleContent instead (it supports setting a title icon as well).'
20: Assets\Plugins\ManagedPackages\uFrame\Core\Editor\Systems\WindowsPlugin\uFrameHelp.cs(148,13): warning CS0618: 'EditorWindow.title' is obsolete: 'Use titleContent instead (it supports setting a title icon as well).'
21: Assets\Plugins\ManagedPackages\uFrame\Core\Editor\Systems\Core\InvertApplication.cs(175,34): warning CS0168: The variable 'ex' is declared but never used
22: Assets\Plugins\ManagedPackages\uFrame\Core\Editor\Systems\Core\InvertApplication.cs(199,34): warning CS0168: The variable 'ex' is declared but never used
23: Assets\Plugins\ManagedPackages\uFrame\Core\Editor\Systems\Core\InvertApplication.cs(224,34): warning CS0168: The variable 'ex' is declared but never used
24: Assets\Plugins\ManagedPackages\uFrame\Core\Editor\Systems\WindowsPlugin\uFrameHelp.cs(317,21): warning CS0162: Unreachable code detected
25: Assets\Plugins\ManagedPackages\uFrame\Core\Editor\Systems\WindowsPlugin\uFrameHelp.cs(953,13): warning CS0162: Unreachable code detected
26: Assets\Plugins\ManagedPackages\uFrame\Core\Editor\Systems\WindowsPlugin\WindowsPlugin.cs(51,13): warning CS0618: 'EditorWindow.title' is obsolete: 'Use titleContent instead (it supports setting a title icon as well).'
27: Assets\Plugins\ManagedPackages\uFrame\Core\Editor\Systems\WindowsPlugin\WindowsPlugin.cs(62,13): warning CS0618: 'EditorWindow.title' is obsolete: 'Use titleContent instead (it supports setting a title icon as well).'
28: Assets\Plugins\ManagedPackages\uFrame\Core\Editor\Systems\WindowsPlugin\WindowsPlugin.cs(103,13): warning CS0618: 'EditorWindow.title' is obsolete: 'Use titleContent instead (it supports setting a title icon as well).'
29: Assets\Plugins\ManagedPackages\uFrame\ECS\Designer\Editor\Nodes\ActionNode.cs(1214,13): warning CS0162: Unreachable code detected
30: Assets\Plugins\ManagedPackages\uFrame\Core\Editor\Systems\WindowsPlugin\SelectedCodePreview.cs(26,13): warning CS0618: 'EditorWindow.title' is obsolete: 'Use titleContent instead (it supports setting a title icon as well).'
31: Assets\Plugins\ManagedPackages\uFrame\ECS\Designer\Editor\Nodes\CollectionItemRemovedNode.cs(39,17): warning CS0162: Unreachable code detected
32: Assets\Plugins\ManagedPackages\uFrame\ECS\Designer\Editor\Nodes\CollectionItemRemovedNode.cs(49,17): warning CS0162: Unreachable code detected
33: Assets\Plugins\ManagedPackages\uFrame\Core\Editor\Systems\WindowsPlugin\MarketWindow.cs(23,13): warning CS0618: 'EditorWindow.title' is obsolete: 'Use titleContent instead (it supports setting a title icon as well).'
34: Assets\Plugins\ManagedPackages\uFrame\Core\Editor\Systems\WindowsPlugin\MarketPlace.cs(275,30): warning CS0168: The variable 'ex' is declared but never used
35: Assets\Plugins\ManagedPackages\uFrame\Core\Editor\Systems\WindowsPlugin\ItemSelectionWindow.cs(16,13): warning CS0618: 'EditorWindow.title' is obsolete: 'Use titleContent instead (it supports setting a title icon as well).'
36: Assets\Plugins\ManagedPackages\uFrame\Core\Editor\Systems\DatabaseService.cs(514,38): warning CS0168: The variable 'ex' is declared but never used
37: Assets\Plugins\ManagedPackages\uFrame\ECS\Designer\Editor\Nodes\HandlerNode.cs(90,17): warning CS0162: Unreachable code detected
38: Assets\Plugins\ManagedPackages\uFrame\Core\Editor\Systems\WindowsPlugin\ItemSelectionWindow.cs(106,17): warning CS0219: The variable 'isFirst' is assigned but its value is never used
39: Assets\Plugins\ManagedPackages\uFrame\Core\Editor\Systems\WindowsPlugin\ImportTypeListWindow.cs(18,13): warning CS0618: 'EditorWindow.title' is obsolete: 'Use titleContent instead (it supports setting a title icon as well).'
40: Assets\Plugins\ManagedPackages\uFrame\Core\Editor\Systems\WindowsPlugin\ElementItemTypesWindow.cs(21,13): warning CS0618: 'EditorWindow.title' is obsolete: 'Use titleContent instead (it supports setting a title icon as well).'
41: Assets\Plugins\ManagedPackages\uFrame\Core\Editor\Systems\WindowsPlugin\ElementDiagramSettingsWindow.cs(32,13): warning CS0618: 'EditorWindow.title' is obsolete: 'Use titleContent instead (it supports setting a title icon as well).'
42: Assets\Plugins\ManagedPackages\uFrame\Core\Editor\Systems\WindowsPlugin\ElementDiagramSettingsWindow.cs(128,29): warning CS0168: The variable 'ex' is declared but never used
43: Assets\Plugins\ManagedPackages\uFrame\Core\Editor\Systems\WindowsPlugin\DocumentationWindow.cs(31,13): warning CS0618: 'EditorWindow.title' is obsolete: 'Use titleContent instead (it supports setting a title icon as well).'
44: Assets\Plugins\ManagedPackages\uFrame\Core\Editor\Systems\WindowsPlugin\DocumentationWindow.cs(41,13): warning CS0618: 'EditorWindow.title' is obsolete: 'Use titleContent instead (it supports setting a title icon as well).'
45: Assets\Plugins\ManagedPackages\uFrame\ECS\Designer\Editor\Nodes\LoopCollectionNode.cs(528,25): warning CS0219: The variable 'x' is assigned but its value is never used
46: Assets\Plugins\ManagedPackages\uFrame\ECS\Designer\Editor\Nodes\PropertyChangedNode.cs(106,17): warning CS0162: Unreachable code detected
47: Assets\Plugins\ManagedPackages\uFrame\ECS\Designer\Editor\Nodes\SequenceVisitor.cs(175,17): warning CS0219: The variable 'hasInferredOutput' is assigned but its value is never used
48: Assets\Plugins\ManagedPackages\uFrame\ECS\Designer\Editor\Nodes\SetVariableNode.cs(100,17): warning CS0162: Unreachable code detected
49: Assets\Plugins\ManagedPackages\uFrame\Core\Editor\Systems\Unity\UnityStyleProvider.cs(204,21): warning CS0162: Unreachable code detected
50: Assets\Plugins\ManagedPackages\uFrame\Core\Editor\Systems\Unity\UnityStyleProvider.cs(207,21): warning CS0162: Unreachable code detected
51: Assets\Plugins\ManagedPackages\uFrame\Core\Editor\Systems\Unity\UnityStyleProvider.cs(210,21): warning CS0162: Unreachable code detected
52: Assets\Plugins\ManagedPackages\uFrame\Core\Editor\Systems\Unity\UnityStyleProvider.cs(222,21): warning CS0162: Unreachable code detected
53: Assets\Plugins\ManagedPackages\uFrame\Core\Editor\Systems\Unity\UnityStyleProvider.cs(225,21): warning CS0162: Unreachable code detected
54: Assets\Plugins\ManagedPackages\uFrame\Core\Editor\Systems\Unity\UnityStyleProvider.cs(237,21): warning CS0162: Unreachable code detected
55: Assets\Plugins\ManagedPackages\uFrame\Core\Editor\Systems\Unity\UnityPlatform.cs(84,30): warning CS0168: The variable 'ex' is declared but never used
56: Assets\Plugins\ManagedPackages\uFrame\ECS\Designer\Editor\Plugins\ActionNodeSystem.cs(182,13): warning CS0162: Unreachable code detected
57: Assets\Plugins\ManagedPackages\uFrame\Core\Editor\Systems\Unity\UnityDrawer.cs(431,17): warning CS0219: The variable 'labelWidth' is assigned but its value is never used
58: Assets\Plugins\ManagedPackages\uFrame\Core\Editor\Systems\GraphSystem.cs(40,17): warning CS0184: The given expression is never of the provided ('CreateGraphMenuCommand') type
59: Assets\Plugins\ManagedPackages\uFrame\ECS\Designer\Editor\Plugins\uFrameECS.cs(982,29): warning CS0162: Unreachable code detected
60: Assets\Plugins\ManagedPackages\uFrame\Core\Editor\Systems\Graphs\Data\SelectionFor.cs(38,17): warning CS0162: Unreachable code detected
61: Assets\Plugins\ManagedPackages\uFrame\Core\Editor\Systems\GraphUI\Drawers\impl\GenericNodeDrawer.cs(48,18): warning CS0219: The variable 'hasErrors' is assigned but its value is never used
62: Assets\Plugins\ManagedPackages\uFrame\Core\Editor\Systems\Graphs\Data\InvertGraph.cs(508,35): warning CS0612: 'InvertGraph.Nodes' is obsolete
63: Assets\Plugins\ManagedPackages\uFrame\Core\Editor\Systems\Graphs\Data\InvertGraph.cs(513,21): warning CS0612: 'InvertGraph.Nodes' is obsolete
64: Assets\Plugins\ManagedPackages\uFrame\Core\Editor\Systems\Graphs\Data\InvertGraph.cs(551,13): warning CS0162: Unreachable code detected
65: Assets\Plugins\ManagedPackages\uFrame\Core\Editor\Systems\GraphUI\ViewModels\DiagramViewModel.cs(500,30): warning CS0168: The variable 'ex' is declared but never used
66: Assets\Plugins\ManagedPackages\uFrame\Core\Editor\Systems\Unity\GraphTreeWindow.cs(19,13): warning CS0618: 'EditorWindow.title' is obsolete: 'Use titleContent instead (it supports setting a title icon as well).'
67: Assets\Plugins\ManagedPackages\uFrame\Core\Editor\Systems\GraphUI\Drawers\impl\DiagramDrawer.cs(477,21): warning CS0162: Unreachable code detected
68: Assets\Plugins\ManagedPackages\uFrame\Core\Editor\Systems\Unity\ElementsDesigner.cs(17,13): warning CS0618: 'EditorWindow.title' is obsolete: 'Use titleContent instead (it supports setting a title icon as well).'
69: Assets\Plugins\ManagedPackages\uFrame\Core\Editor\Systems\GraphUI\Scaffolding\ScaffoldGraph.cs(13,13): warning CS0612: 'InvertGraph.AddNode(IDiagramNode)' is obsolete
70: Assets\Plugins\ManagedPackages\uFrame\Core\Editor\Systems\Unity\Compatability\Data\UnityGraphData.cs(170,17): warning CS0162: Unreachable code detected
71: Assets\Plugins\ManagedPackages\uFrame\Core\Editor\Systems\InspectorWindow\uFrameNavigationHistoryWindow.cs(15,13): warning CS0618: 'EditorWindow.title' is obsolete: 'Use titleContent instead (it supports setting a title icon as well).'
72: Assets\Plugins\ManagedPackages\uFrame\Core\Editor\Systems\InspectorWindow\uFrameIssuesWindow.cs(15,13): warning CS0618: 'EditorWindow.title' is obsolete: 'Use titleContent instead (it supports setting a title icon as well).'
73: Assets\Plugins\ManagedPackages\uFrame\Core\Editor\Systems\InspectorWindow\InspectorPlugin.cs(81,30): warning CS0168: The variable 'inspBounds' is declared but never used
74: Assets\Plugins\ManagedPackages\uFrame\Core\Editor\Systems\InspectorWindow\uFrameInspectorWindow.cs(15,13): warning CS0618: 'EditorWindow.title' is obsolete: 'Use titleContent instead (it supports setting a title icon as well).'
75: Assets\Plugins\ManagedPackages\uFrame\Core\Editor\Systems\UndoSystem.cs(54,30): warning CS0168: The variable 'ex' is declared but never used
76: Assets\Plugins\ManagedPackages\uFrame\Core\Editor\Systems\UndoSystem.cs(144,30): warning CS0168: The variable 'ex' is declared but never used
77: Assets\Plugins\ManagedPackages\uFrame\Core\Editor\Systems\InspectorWindow\InspectorPlugin.cs(325,21): warning CS0618: 'EditorWindow.title' is obsolete: 'Use titleContent instead (it supports setting a title icon as well).'
78: Assets\Plugins\ManagedPackages\uFrame\Core\Editor\Systems\InspectorWindow\InspectorPlugin.cs(341,21): warning CS0618: 'EditorWindow.title' is obsolete: 'Use titleContent instead (it supports setting a title icon as well).'
79: Assets\Plugins\ManagedPackages\uFrame\Core\Editor\Systems\KoinoniaSystem\PackageManagerUISystem.cs(109,13): warning CS0162: Unreachable code detected
80: Assets\Plugins\ManagedPackages\uFrame\Core\Editor\Systems\Schemas\UnityConnectorStyleSchema.cs(35,13): warning CS0162: Unreachable code detected
81: Assets\Plugins\ManagedPackages\uFrame\Core\Editor\Systems\NavigationSystem\NavigationSystem.cs(180,13): error CS0103: The name 'Profiler' does not exist in the current context
82: Assets\Plugins\ManagedPackages\uFrame\Core\Editor\Systems\NavigationSystem\NavigationSystem.cs(199,13): error CS0103: The name 'Profiler' does not exist in the current context
83: Assets\Plugins\ManagedPackages\uFrame\Core\Editor\Systems\NavigationSystem\NavigationSystem.cs(205,13): error CS0103: The name 'Profiler' does not exist in the current context
84: Assets\Plugins\ManagedPackages\uFrame\Core\Editor\Systems\NavigationSystem\NavigationSystem.cs(225,13): error CS0103: The name 'Profiler' does not exist in the current context
85: Assets\Plugins\ManagedPackages\uFrame\Core\Editor\Systems\QuickAccess\QuickAccessWindowSearchPanel.cs(133,17): warning CS0219: The variable 'itemHeight' is assigned but its value is never used
86: Assets\Plugins\ManagedPackages\uFrame\Core\Editor\Systems\NavigationSystem\NavigationSystem.cs(234,13): error CS0103: The name 'Profiler' does not exist in the current context
87: Assets\Plugins\ManagedPackages\uFrame\Core\Editor\Systems\NavigationSystem\NavigationSystem.cs(271,13): error CS0103: The name 'Profiler' does not exist in the current context
88: Assets\Plugins\ManagedPackages\uFrame\Core\Editor\Systems\Platform\api\CachedStyles.cs(492,21): warning CS0162: Unreachable code detected
89: Assets\Plugins\ManagedPackages\uFrame\Core\Editor\Systems\WindowsPlugin\SmartWindow.cs(71,37): warning CS0067: The event 'SmartWindow.Bound' is never used
90: Assets\Plugins\ManagedPackages\uFrame\Core\Editor\Systems\WindowsPlugin\uFrameHelp.cs(1380,24): warning CS0649: Field 'uFrameHelp.disposer' is never assigned to, and will always have its default value null
91: Assets\Plugins\ManagedPackages\uFrame\Core\Editor\Systems\WindowsPlugin\uFrameHelp.cs(1382,24): warning CS0649: Field 'uFrameHelp.disposer2' is never assigned to, and will always have its default value null
92: Assets\Plugins\ManagedPackages\uFrame\Core\Editor\Systems\Database\Data\FastJsonFileRecordManager.cs(18,22): warning CS0414: The field 'FastJsonFileRecordManager._isCommiting' is assigned but its value is never used
93: Assets\Plugins\ManagedPackages\uFrame\Core\Editor\Systems\GraphUI\Obsolete\ElementDiagramSettings.cs(109,35): warning CS0414: The field 'ElementDiagramSettings._codePathStrategy' is assigned but its value is never used
94: Assets\Plugins\ManagedPackages\uFrame\Core\Editor\Systems\Database\Data\JsonFileRecordManager.cs(18,22): warning CS0414: The field 'JsonFileRecordManager._isCommiting' is assigned but its value is never used
95: Assets\Plugins\ManagedPackages\uFrame\Core\Editor\Systems\Unity\TaskSystem.cs(9,21): warning CS0414: The field 'TaskSystem.fpsCount' is assigned but its value is never used
96: Assets\Plugins\ManagedPackages\uFrame\Core\Editor\Systems\GraphUI\Obsolete\ElementDiagramSettings.cs(113,22): warning CS0414: The field 'ElementDiagramSettings._generateDefaultBindings' is assigned but its value is never used
********************************************************************************
*                     Friday, January 27, 2017 3:21:33 PM                      *
********************************************************************************
CSharpCompilerWrapper.exe version: 1.8.1.0
Platform: Windows
Target assembly: Assembly-CSharp.dll
Project directory: C:\Users\Alina-LP\Documents\Universum
Unity 'Data' or 'Frameworks' directory: C:/Program Files/Unity/Editor/Data
Compiler: Microsoft C# 6.0

- Compilation -----------------------------------------------

Process: C:\Users\Alina-LP\Documents\Universum\CSharp60Support\Roslyn\csc.exe
Arguments: -nostdlib+ -noconfig -nologo -r:"C:/Program Files/Unity/Editor/Data\Mono/lib/mono/2.0/mscorlib.dll" -r:"C:/Program Files/Unity/Editor/Data\Mono/lib/mono/2.0/System.dll" -r:"C:/Program Files/Unity/Editor/Data\Mono/lib/mono/2.0/System.Core.dll" -r:"C:/Program Files/Unity/Editor/Data\Mono/lib/mono/2.0/System.Xml.dll" @Temp/UnityTempFile-693d336e7f485854b80c3c8b101bab61
Exit code: 1
Elapsed time: 2.72 sec

- Compiler output (0 lines):

- Compiler errors (25 lines):
0: Assets\Code\imp\Systems\NewSystemNode.cs(6,11): error CS0246: The type or namespace name 'uFrame' could not be found (are you missing a using directive or an assembly reference?)
1: Assets\Code\imp\Systems\NewSystemNode.cs(7,11): error CS0246: The type or namespace name 'uFrame' could not be found (are you missing a using directive or an assembly reference?)
2: Assets\Code\imp\Systems\NewSystemNode.cs(8,11): error CS0246: The type or namespace name 'uFrame' could not be found (are you missing a using directive or an assembly reference?)
3: Assets\Code\imp\Systems\NewSystemNode.cs(9,11): error CS0246: The type or namespace name 'uFrame' could not be found (are you missing a using directive or an assembly reference?)
4: Assets\Code\imp\Systems\NewSystemNode.cs(10,11): error CS0246: The type or namespace name 'UniRx' could not be found (are you missing a using directive or an assembly reference?)
5: Assets\Code\imp\Systems\NewSystemNode.designer.cs(16,11): error CS0246: The type or namespace name 'uFrame' could not be found (are you missing a using directive or an assembly reference?)
6: Assets\Code\imp\Systems\NewSystemNode.designer.cs(17,11): error CS0246: The type or namespace name 'uFrame' could not be found (are you missing a using directive or an assembly reference?)
7: Assets\Code\imp\Systems\NewSystemNode.designer.cs(18,11): error CS0246: The type or namespace name 'uFrame' could not be found (are you missing a using directive or an assembly reference?)
8: Assets\Code\imp\Systems\NewSystemNode.designer.cs(19,11): error CS0246: The type or namespace name 'uFrame' could not be found (are you missing a using directive or an assembly reference?)
9: Assets\Code\imp\Systems\NewSystemNode.designer.cs(20,11): error CS0246: The type or namespace name 'UniRx' could not be found (are you missing a using directive or an assembly reference?)
10: Assets\Code\imp\Systems\NewSystemNodeLoader.cs(16,11): error CS0246: The type or namespace name 'uFrame' could not be found (are you missing a using directive or an assembly reference?)
11: Assets\Code\imp\Systems\NewSystemNodeLoader.cs(17,11): error CS0246: The type or namespace name 'uFrame' could not be found (are you missing a using directive or an assembly reference?)
12: Assets\Code\imp\Systems\NewSystemNodeLoader.cs(18,11): error CS0246: The type or namespace name 'uFrame' could not be found (are you missing a using directive or an assembly reference?)
13: Assets\Code\imp\impLoader.cs(16,11): error CS0246: The type or namespace name 'uFrame' could not be found (are you missing a using directive or an assembly reference?)
14: Assets\Code\imp\impLoader.cs(17,11): error CS0246: The type or namespace name 'uFrame' could not be found (are you missing a using directive or an assembly reference?)
15: Assets\Code\imp\impLoader.cs(18,11): error CS0246: The type or namespace name 'uFrame' could not be found (are you missing a using directive or an assembly reference?)
16: Assets\Code\imp\impLoader.cs(19,11): error CS0246: The type or namespace name 'uFrame' could not be found (are you missing a using directive or an assembly reference?)
17: Assets\Code\imp\Systems\NewSystemNode.designer.cs(24,46): error CS0246: The type or namespace name 'uFrame' could not be found (are you missing a using directive or an assembly reference?)
18: Assets\Code\imp\Systems\NewSystemNode.designer.cs(31,6): error CS0246: The type or namespace name 'uFrame' could not be found (are you missing a using directive or an assembly reference?)
19: Assets\Code\imp\Systems\NewSystemNode.designer.cs(26,30): error CS0115: 'NewSystemNodeBase.Setup()': no suitable method found to override
20: Assets\Code\imp\Systems\NewSystemNodeLoader.cs(22,48): error CS0246: The type or namespace name 'uFrame' could not be found (are you missing a using directive or an assembly reference?)
21: Assets\Code\imp\Systems\NewSystemNodeLoader.cs(21,6): error CS0246: The type or namespace name 'uFrame' could not be found (are you missing a using directive or an assembly reference?)
22: Assets\Code\imp\Systems\NewSystemNodeLoader.cs(24,30): error CS0115: 'NewSystemNodeLoader.Load()': no suitable method found to override
23: Assets\Code\imp\impLoader.cs(22,38): error CS0246: The type or namespace name 'uFrame' could not be found (are you missing a using directive or an assembly reference?)
24: Assets\Code\imp\impLoader.cs(24,30): error CS0115: 'impLoader.Load()': no suitable method found to override
********************************************************************************
*                     Friday, January 27, 2017 3:22:08 PM                      *
********************************************************************************
CSharpCompilerWrapper.exe version: 1.8.1.0
Platform: Windows
Target assembly: Assembly-CSharp.dll
Project directory: C:\Users\Alina-LP\Documents\Universum
Unity 'Data' or 'Frameworks' directory: C:/Program Files/Unity/Editor/Data
Compiler: Microsoft C# 6.0

- Compilation -----------------------------------------------

Process: C:\Users\Alina-LP\Documents\Universum\CSharp60Support\Roslyn\csc.exe
Arguments: -nostdlib+ -noconfig -nologo -r:"C:/Program Files/Unity/Editor/Data\Mono/lib/mono/2.0/mscorlib.dll" -r:"C:/Program Files/Unity/Editor/Data\Mono/lib/mono/2.0/System.dll" -r:"C:/Program Files/Unity/Editor/Data\Mono/lib/mono/2.0/System.Core.dll" -r:"C:/Program Files/Unity/Editor/Data\Mono/lib/mono/2.0/System.Xml.dll" @Temp/UnityTempFile-3b8a8b344198e424ea9fc08dc855d163
Exit code: 0
Elapsed time: 4.23 sec

- Compiler output (0 lines):

- Compiler errors (0 lines):

- PDB to MDB conversion --------------------------------------

Process: C:\Users\Alina-LP\Documents\Universum\CSharp60Support\Roslyn\pdb2mdb.exe
Arguments: Temp\Assembly-CSharp.dll
Exit code: 0
Elapsed time: 0.18 sec

- pdb2mdb.exe output (0 lines):
********************************************************************************
*                     Friday, January 27, 2017 3:22:13 PM                      *
********************************************************************************
CSharpCompilerWrapper.exe version: 1.8.1.0
Platform: Windows
Target assembly: Assembly-CSharp-Editor.dll
Project directory: C:\Users\Alina-LP\Documents\Universum
Unity 'Data' or 'Frameworks' directory: C:/Program Files/Unity/Editor/Data
Compiler: Microsoft C# 6.0

- Compilation -----------------------------------------------

Process: C:\Users\Alina-LP\Documents\Universum\CSharp60Support\Roslyn\csc.exe
Arguments: -nostdlib+ -noconfig -nologo -r:"C:/Program Files/Unity/Editor/Data\Mono/lib/mono/2.0/mscorlib.dll" -r:"C:/Program Files/Unity/Editor/Data\Mono/lib/mono/2.0/System.dll" -r:"C:/Program Files/Unity/Editor/Data\Mono/lib/mono/2.0/System.Core.dll" -r:"C:/Program Files/Unity/Editor/Data\Mono/lib/mono/2.0/System.Xml.dll" @Temp/UnityTempFile-560e50771b2e0564f9b5fdef6d5c26ac
Exit code: 0
Elapsed time: 3.72 sec

- Compiler output (0 lines):

- Compiler errors (0 lines):

- PDB to MDB conversion --------------------------------------

Process: C:\Users\Alina-LP\Documents\Universum\CSharp60Support\Roslyn\pdb2mdb.exe
Arguments: Temp\Assembly-CSharp-Editor.dll
Exit code: 0
Elapsed time: 0.17 sec

- pdb2mdb.exe output (0 lines):
